生成启动时间为 2015/12/22 15:26:01。
     1>项目“F:\cocosDemo\The_Black_Magic\proj.win32\The_Black_Magic.vcxproj”在节点 2 上(Build 个目标)。
     1>ClCompile:
         D:\VS2013\VC\bin\CL.exe /c /I"C:\Cocos\frameworks\cocos2d-x-3.9\cocos\audio\include" /I"C:\Cocos\frameworks\cocos2d-x-3.9\external" /I"C:\Cocos\frameworks\cocos2d-x-3.9\external\chipmunk\include\chipmunk" /I"C:\Cocos\frameworks\cocos2d-x-3.9\extensions" /I..\Classes /I.. /I"C:\Cocos\frameworks\cocos2d-x-3.9\cocos\2d\..\..\cocos\editor-support" /I"C:\Cocos\frameworks\cocos2d-x-3.9\cocos\2d\..\..\cocos" /I"C:\Cocos\frameworks\cocos2d-x-3.9\cocos\2d\..\..\cocos\platform" /I"C:\Cocos\frameworks\cocos2d-x-3.9\cocos\2d\..\..\cocos\platform\desktop" /I"C:\Cocos\frameworks\cocos2d-x-3.9\cocos\2d\..\..\external\glfw3\include\win32" /I"C:\Cocos\frameworks\cocos2d-x-3.9\cocos\2d\..\..\external\win32-specific\gles\include\OGLES" /I"C:\Cocos\frameworks\cocos2d-x-3.9\cocos\2d\..\..\external\freetype2\include\win32\freetype2" /I"C:\Cocos\frameworks\cocos2d-x-3.9\cocos\2d\..\..\external\freetype2\include\win32\\" /I"C:\Cocos\frameworks\cocos2d-x-3.9\cocos\2d\..\..\external" /I"C:\Cocos\frameworks\cocos2d-x-3.9\cocos\2d\..\..\\" /I"C:\Cocos\frameworks\cocos2d-x-3.9\cocos\2d\..\..\cocos" /I"C:\Cocos\frameworks\cocos2d-x-3.9\cocos\2d\..\..\cocos\editor-support" /ZI /nologo /W3 /WX- /MP /Od /Oy- /D WIN32 /D _WINDOWS /D _USE_MATH_DEFINES /D GL_GLEXT_PROTOTYPES /D CC_ENABLE_CHIPMUNK_INTEGRATION=1 /D COCOS2D_DEBUG=1 /D _CRT_SECURE_NO_WARNINGS /D _SCL_SECURE_NO_WARNINGS /D _VARIADIC_MAX=10 /D _USING_V110_SDK71_ /D _UNICODE /D UNICODE /Gm- /EHsc /RTC1 /MD /GS /fp:precise /Zc:wchar_t /Zc:forScope /Fo"Debug.win32\\" /Fd"Debug.win32\vc120.pdb" /Gd /TP /wd4267 /wd4251 /wd4244 /analyze- /errorReport:prompt ..\Classes\LightDemo.cpp
         LightDemo.cpp
     1>c:\cocos\frameworks\cocos2d-x-3.9\external\bullet\bulletcollision\broadphasecollision\btdbvtbroadphase.h(62): warning C4099: “btDbvtBroadphase”: 类型名称以前使用“class”现在使用的是“struct”
                 c:\cocos\frameworks\cocos2d-x-3.9\cocos\physics3d\ccphysics3dworld.h(39) : 参见“btDbvtBroadphase”的声明
     1>f:\cocosdemo\the_black_magic\classes\lightdemo.cpp(52): warning C4305: “参数”: 从“double”到“float”截断
     1>f:\cocosdemo\the_black_magic\classes\lightdemo.cpp(145): warning C4305: “参数”: 从“double”到“float”截断
     1>f:\cocosdemo\the_black_magic\classes\lightdemo.cpp(261): warning C4305: “参数”: 从“double”到“float”截断
     1>f:\cocosdemo\the_black_magic\classes\lightdemo.cpp(351): warning C4305: “参数”: 从“double”到“float”截断
       PreLinkEvent:
         if not exist "F:\cocosDemo\The_Black_Magic\proj.win32\Debug.win32\" mkdir "F:\cocosDemo\The_Black_Magic\proj.win32\Debug.win32\"
         xcopy /Y /Q "C:\Cocos\frameworks\cocos2d-x-3.9\prebuilt\win32\*.*" "F:\cocosDemo\The_Black_Magic\proj.win32\Debug.win32\"
         
         :VCEnd
         复制了 60 个文件
       Link:
         D:\VS2013\VC\bin\link.exe /ERRORREPORT:PROMPT /OUT:"F:\cocosDemo\The_Black_Magic\proj.win32\Debug.win32\The_Black_Magic.exe" /INCREMENTAL /NOLOGO /LIBPATH:F:\cocosDemo\The_Black_Magic\proj.win32\Debug.win32\ /LIBPATH:F:\cocosDemo\The_Black_Magic\proj.win32\Debug.win32\ opengl32.lib glew32.lib libzlib.lib libwebp.lib libiconv.lib freetype.lib winmm.lib ws2_32.lib kernel32.lib user32.lib gdi32.lib winspool.lib comdlg32.lib advapi32.lib shell32.lib ole32.lib oleaut32.lib uuid.lib odbc32.lib odbccp32.lib /MANIFEST /MANIFESTUAC:"level='asInvoker' uiAccess='false'" /manifest:embed /DEBUG /PDB:"F:\cocosDemo\The_Black_Magic\proj.win32\Debug.win32\The_Black_Magic.pdb" /SUBSYSTEM:WINDOWS,"5.01" /TLBID:1 /DYNAMICBASE /NXCOMPAT /IMPLIB:"F:\cocosDemo\The_Black_Magic\proj.win32\Debug.win32\The_Black_Magic.lib" /MACHINE:X86 /SAFESEH Debug.win32\game.res
         Debug.win32\AppDelegate.obj
         Debug.win32\ball.obj
         Debug.win32\HelloWorldScene.obj
         Debug.win32\ImportScene.obj
         Debug.win32\LightDemo.obj
         Debug.win32\player.obj
         Debug.win32\main.obj
         The_Black_Magic.vcxproj -> F:\cocosDemo\The_Black_Magic\proj.win32\Debug.win32\The_Black_Magic.exe
       CustomBuildStep:
         if not exist "F:\cocosDemo\The_Black_Magic\proj.win32\Debug.win32\" mkdir "F:\cocosDemo\The_Black_Magic\proj.win32\Debug.win32\"
         xcopy "F:\cocosDemo\The_Black_Magic\proj.win32\..\Resources" "F:\cocosDemo\The_Black_Magic\proj.win32\Debug.win32\" /D /E /I /F /Y
               
         :VCEnd
         复制了 0 个文件
     1>已完成生成项目“F:\cocosDemo\The_Black_Magic\proj.win32\The_Black_Magic.vcxproj”(Build 个目标)的操作。

生成成功。

已用时间 00:00:38.27
